{"/home/juanguren/Documents/CodePractice/Fundamentals-Practice/Testing/src/logic/sync-methods.ts": {"path":"/home/juanguren/Documents/CodePractice/Fundamentals-Practice/Testing/src/logic/sync-methods.ts","statementMap":{"0":{"start":{"line":1,"column":0},"end":{"line":1,"column":32}},"1":{"start":{"line":3,"column":14},"end":{"line":3,"column":30}},"2":{"start":{"line":5,"column":27},"end":{"line":14,"column":1}},"3":{"start":{"line":6,"column":19},"end":{"line":6,"column":56}},"4":{"start":{"line":6,"column":38},"end":{"line":6,"column":56}},"5":{"start":{"line":7,"column":19},"end":{"line":7,"column":77}},"6":{"start":{"line":7,"column":52},"end":{"line":7,"column":77}},"7":{"start":{"line":9,"column":21},"end":{"line":10,"column":null}},"8":{"start":{"line":10,"column":4},"end":{"line":10,"column":45}},"9":{"start":{"line":13,"column":2},"end":{"line":13,"column":37}},"10":{"start":{"line":5,"column":13},"end":{"line":5,"column":27}},"11":{"start":{"line":16,"column":29},"end":{"line":22,"column":1}},"12":{"start":{"line":17,"column":22},"end":{"line":17,"column":24}},"13":{"start":{"line":18,"column":2},"end":{"line":20,"column":null}},"14":{"start":{"line":19,"column":4},"end":{"line":19,"column":41}},"15":{"start":{"line":21,"column":2},"end":{"line":21,"column":21}},"16":{"start":{"line":16,"column":13},"end":{"line":16,"column":29}},"17":{"start":{"line":24,"column":33},"end":{"line":24,"column":59}},"18":{"start":{"line":24,"column":50},"end":{"line":24,"column":59}},"19":{"start":{"line":24,"column":13},"end":{"line":24,"column":33}},"20":{"start":{"line":26,"column":23},"end":{"line":35,"column":1}},"21":{"start":{"line":27,"column":14},"end":{"line":27,"column":57}},"22":{"start":{"line":29,"column":2},"end":{"line":34,"column":4}},"23":{"start":{"line":26,"column":13},"end":{"line":26,"column":23}},"24":{"start":{"line":44,"column":4},"end":{"line":44,"column":22}},"25":{"start":{"line":45,"column":4},"end":{"line":45,"column":23}},"26":{"start":{"line":46,"column":4},"end":{"line":46,"column":19}},"27":{"start":{"line":47,"column":4},"end":{"line":47,"column":35}},"28":{"start":{"line":51,"column":4},"end":{"line":51,"column":26}},"29":{"start":{"line":55,"column":4},"end":{"line":55,"column":36}},"30":{"start":{"line":56,"column":4},"end":{"line":56,"column":31}},"31":{"start":{"line":37,"column":0},"end":{"line":37,"column":21}},"32":{"start":{"line":60,"column":29},"end":{"line":60,"column":67}},"33":{"start":{"line":60,"column":53},"end":{"line":60,"column":67}},"34":{"start":{"line":60,"column":13},"end":{"line":60,"column":29}},"35":{"start":{"line":61,"column":32},"end":{"line":61,"column":67}},"36":{"start":{"line":61,"column":48},"end":{"line":61,"column":67}},"37":{"start":{"line":61,"column":13},"end":{"line":61,"column":32}},"38":{"start":{"line":62,"column":34},"end":{"line":63,"column":31}},"39":{"start":{"line":63,"column":2},"end":{"line":63,"column":31}},"40":{"start":{"line":62,"column":13},"end":{"line":62,"column":34}}},"fnMap":{"0":{"name":"(anonymous_0)","decl":{"start":{"line":5,"column":27},"end":{"line":5,"column":28}},"loc":{"start":{"line":5,"column":69},"end":{"line":14,"column":1}}},"1":{"name":"(anonymous_1)","decl":{"start":{"line":6,"column":19},"end":{"line":6,"column":20}},"loc":{"start":{"line":6,"column":38},"end":{"line":6,"column":56}}},"2":{"name":"(anonymous_2)","decl":{"start":{"line":7,"column":19},"end":{"line":7,"column":20}},"loc":{"start":{"line":7,"column":52},"end":{"line":7,"column":77}}},"3":{"name":"(anonymous_3)","decl":{"start":{"line":9,"column":31},"end":{"line":9,"column":32}},"loc":{"start":{"line":10,"column":4},"end":{"line":10,"column":45}}},"4":{"name":"(anonymous_4)","decl":{"start":{"line":16,"column":29},"end":{"line":16,"column":30}},"loc":{"start":{"line":16,"column":47},"end":{"line":22,"column":1}}},"5":{"name":"(anonymous_5)","decl":{"start":{"line":24,"column":33},"end":{"line":24,"column":34}},"loc":{"start":{"line":24,"column":50},"end":{"line":24,"column":59}}},"6":{"name":"(anonymous_6)","decl":{"start":{"line":26,"column":23},"end":{"line":26,"column":33}},"loc":{"start":{"line":26,"column":35},"end":{"line":35,"column":1}}},"7":{"name":"(anonymous_7)","decl":{"start":{"line":43,"column":2},"end":{"line":43,"column":14}},"loc":{"start":{"line":43,"column":27},"end":{"line":48,"column":3}}},"8":{"name":"(anonymous_8)","decl":{"start":{"line":50,"column":2},"end":{"line":50,"column":14}},"loc":{"start":{"line":50,"column":14},"end":{"line":52,"column":3}}},"9":{"name":"(anonymous_9)","decl":{"start":{"line":54,"column":2},"end":{"line":54,"column":20}},"loc":{"start":{"line":54,"column":30},"end":{"line":57,"column":3}}},"10":{"name":"(anonymous_10)","decl":{"start":{"line":60,"column":29},"end":{"line":60,"column":30}},"loc":{"start":{"line":60,"column":53},"end":{"line":60,"column":67}}},"11":{"name":"(anonymous_11)","decl":{"start":{"line":61,"column":32},"end":{"line":61,"column":33}},"loc":{"start":{"line":61,"column":48},"end":{"line":61,"column":67}}},"12":{"name":"(anonymous_12)","decl":{"start":{"line":62,"column":34},"end":{"line":62,"column":35}},"loc":{"start":{"line":63,"column":2},"end":{"line":63,"column":31}}}},"branchMap":{"0":{"loc":{"start":{"line":10,"column":4},"end":{"line":10,"column":45}},"type":"cond-expr","locations":[{"start":{"line":10,"column":22},"end":{"line":10,"column":37}},{"start":{"line":10,"column":40},"end":{"line":10,"column":45}}]}},"s":{"0":1,"1":1,"2":1,"3":2,"4":8,"5":2,"6":20,"7":2,"8":10,"9":2,"10":1,"11":1,"12":1,"13":1,"14":3,"15":1,"16":1,"17":1,"18":1,"19":1,"20":1,"21":1,"22":1,"23":1,"24":1,"25":1,"26":1,"27":1,"28":2,"29":1,"30":1,"31":1,"32":1,"33":1,"34":1,"35":1,"36":1,"37":1,"38":1,"39":1,"40":1},"f":{"0":2,"1":8,"2":20,"3":10,"4":1,"5":1,"6":1,"7":1,"8":2,"9":1,"10":1,"11":1,"12":1},"b":{"0":[8,2]}}
}
