TN:
SF:src/logic/sync-methods.ts
FN:5,(anonymous_0)
FN:6,(anonymous_1)
FN:7,(anonymous_2)
FN:9,(anonymous_3)
FN:16,(anonymous_4)
FN:24,(anonymous_5)
FN:26,(anonymous_6)
FN:43,(anonymous_7)
FN:50,(anonymous_8)
FN:54,(anonymous_9)
FN:60,(anonymous_10)
FN:61,(anonymous_11)
FN:62,(anonymous_12)
FNF:13
FNH:13
FNDA:2,(anonymous_0)
FNDA:8,(anonymous_1)
FNDA:20,(anonymous_2)
FNDA:10,(anonymous_3)
FNDA:1,(anonymous_4)
FNDA:1,(anonymous_5)
FNDA:1,(anonymous_6)
FNDA:1,(anonymous_7)
FNDA:2,(anonymous_8)
FNDA:1,(anonymous_9)
FNDA:1,(anonymous_10)
FNDA:1,(anonymous_11)
FNDA:1,(anonymous_12)
DA:1,1
DA:3,1
DA:5,1
DA:6,8
DA:7,20
DA:9,2
DA:10,10
DA:13,2
DA:16,1
DA:17,1
DA:18,1
DA:19,3
DA:21,1
DA:24,1
DA:26,1
DA:27,1
DA:29,1
DA:37,1
DA:44,1
DA:45,1
DA:46,1
DA:47,1
DA:51,2
DA:55,1
DA:56,1
DA:60,1
DA:61,1
DA:62,1
DA:63,1
LF:29
LH:29
BRDA:10,0,0,8
BRDA:10,0,1,2
BRF:2
BRH:2
end_of_record
